Running php-build composer
WARNING! Your password will be stored unencrypted in /home/runner/.docker/config.json.
Configure a credential helper to remove this warning. See
https://docs.docker.com/engine/reference/commandline/login/#credentials-store

Login Succeeded
Pulling docker.pkg.github.com/wpmotto/tailpress/php-actions_composer_tailpress:php-latest-build2
php-latest-build2: Pulling from wpmotto/tailpress/php-actions_composer_tailpress
2408cc74d12b: Already exists
fde5ea1cb188: Pulling fs layer
3935ba60366a: Pulling fs layer
4712e34f1d29: Pulling fs layer
cdc3d7d2af8f: Pulling fs layer
a2370c00e68b: Pulling fs layer
449ac599336a: Pulling fs layer
5ba2707fb3f3: Pulling fs layer
4156abe3193d: Pulling fs layer
651864b63454: Pulling fs layer
a2370c00e68b: Waiting
449ac599336a: Waiting
5ba2707fb3f3: Waiting
4156abe3193d: Waiting
651864b63454: Waiting
cdc3d7d2af8f: Waiting
4712e34f1d29: Verifying Checksum
4712e34f1d29: Download complete
3935ba60366a: Verifying Checksum
3935ba60366a: Download complete
fde5ea1cb188: Download complete
fde5ea1cb188: Pull complete
3935ba60366a: Pull complete
4712e34f1d29: Pull complete
a2370c00e68b: Download complete
cdc3d7d2af8f: Verifying Checksum
cdc3d7d2af8f: Download complete
449ac599336a: Verifying Checksum
449ac599336a: Download complete
cdc3d7d2af8f: Pull complete
a2370c00e68b: Pull complete
4156abe3193d: Download complete
5ba2707fb3f3: Verifying Checksum
5ba2707fb3f3: Download complete
449ac599336a: Pull complete
651864b63454: Verifying Checksum
651864b63454: Download complete
5ba2707fb3f3: Pull complete
4156abe3193d: Pull complete
651864b63454: Pull complete
Digest: sha256:a5ff47e5ad96969aa987b4d7fa36cb6767e266507fb65552366ca60d4c91996a
Status: Downloaded newer image for docker.pkg.github.com/wpmotto/tailpress/php-actions_composer_tailpress:php-latest-build2
docker.pkg.github.com/wpmotto/tailpress/php-actions_composer_tailpress:php-latest-build2
Docker tag: docker.pkg.github.com/wpmotto/tailpress/php-actions_composer_tailpress:php-latest-build2
No private keys supplied
Command: composer install --no-progress --no-interaction
Skipping env variable PWD
Skipping env variable HOME
Skipping env variable SHLVL
Skipping env variable PATH
